android/app/build/outputs/logs/manifest-merger-debug-report.txt
-- Merging decision tree log ---
manifest
ADDED from src/main/AndroidManifest.xml:1:1-81:12
	package
		ADDED from src/main/AndroidManifest.xml:3:5-30
		INJECTED from src/main/AndroidManifest.xml
		INJECTED from src/main/AndroidManifest.xml
	android:versionName
		ADDED from src/main/AndroidManifest.xml:5:5-33
		INJECTED from src/main/AndroidManifest.xml
		INJECTED from src/main/AndroidManifest.xml
	xmlns:tools
		ADDED from src/main/AndroidManifest.xml:2:5-51
	android:versionCode
		ADDED from src/main/AndroidManifest.xml:4:5-30
		INJECTED from src/main/AndroidManifest.xml
		INJECTED from src/main/AndroidManifest.xml
	xmlns:android
		ADDED from src/main/AndroidManifest.xml:1:11-69
uses-permission#android.permission.INTERNET
ADDED from src/main/AndroidManifest.xml:7:5-67
MERGED from [:tslocationmanager:] AndroidManifest.xml:15:5-67
MERGED from [RemindMeThere:react-native-maps:unspecified] AndroidManifest.xml:9:5-67
MERGED from [com.google.android.gms:play-services-maps:11.8.0] AndroidManifest.xml:24:5-67
MERGED from [com.google.android.gms:play-services-gcm:11.8.0] AndroidManifest.xml:24:5-67
MERGED from [com.google.android.gms:play-services-iid:11.8.0] AndroidManifest.xml:24:5-67
	android:name
		ADDED from src/main/AndroidManifest.xml:7:22-64
uses-permission#android.permission.SYSTEM_ALERT_WINDOW
ADDED from src/main/AndroidManifest.xml:10:5-77
MERGED from [com.facebook.react:react-native:0.52.2] AndroidManifest.xml:11:5-78
	android:name
		ADDED from src/main/AndroidManifest.xml:10:22-75
uses-permission#android.permission.WAKE_LOCK
ADDED from src/main/AndroidManifest.xml:12:5-68
MERGED from [:tslocationmanager:] AndroidManifest.xml:16:5-68
	android:name
		ADDED from src/main/AndroidManifest.xml:12:22-65
permission#remind.me.there.permission.C2D_MESSAGE
ADDED from src/main/AndroidManifest.xml:13:5-15:47
	android:protectionLevel
		ADDED from src/main/AndroidManifest.xml:15:9-44
	android:name
		ADDED from src/main/AndroidManifest.xml:14:9-62
uses-permission#remind.me.there.permission.C2D_MESSAGE
ADDED from src/main/AndroidManifest.xml:16:5-78
	android:name
		ADDED from src/main/AndroidManifest.xml:16:22-75
uses-permission#android.permission.VIBRATE
ADDED from src/main/AndroidManifest.xml:17:5-66
	android:name
		ADDED from src/main/AndroidManifest.xml:17:22-63
uses-permission#android.permission.RECEIVE_BOOT_COMPLETED
ADDED from src/main/AndroidManifest.xml:18:5-80
MERGED from [:tslocationmanager:] AndroidManifest.xml:18:5-81
MERGED from [:tsbackgroundfetch:] AndroidManifest.xml:11:5-81
	android:name
		ADDED from src/main/AndroidManifest.xml:18:22-78
uses-sdk
ADDED from src/main/AndroidManifest.xml:26:5-28:41
MERGED from [com.android.support:multidex:1.0.1] AndroidManifest.xml:18:5-42
MERGED from [RemindMeThere:react-native-push-notification:unspecified] AndroidManifest.xml:7:5-9:41
MERGED from [me.leolin:ShortcutBadger:1.1.8] AndroidManifest.xml:7:5-9:41
MERGED from [RemindMeThere:react-native-background-geolocation:unspecified] AndroidManifest.xml:7:5-9:41
MERGED from [com.intentfilter:android-permissions:0.1.5] AndroidManifest.xml:7:5-9:41
MERGED from [RemindMeThere:react-native-background-fetch:unspecified] AndroidManifest.xml:7:5-9:41
MERGED from [:tslocationmanager:] AndroidManifest.xml:7:5-9:41
MERGED from [:tsbackgroundfetch:] AndroidManifest.xml:7:5-9:41
MERGED from [RemindMeThere:react-native-prompt-android:unspecified] AndroidManifest.xml:7:5-9:41
MERGED from [RemindMeThere:react-native-device-info:unspecified] AndroidManifest.xml:7:5-9:41
MERGED from [com.facebook.react:react-native:0.52.2] AndroidManifest.xml:7:5-9:41
MERGED from [com.android.support:appcompat-v7:26.1.0] AndroidManifest.xml:21:5-23:78
MERGED from [com.android.support:animated-vector-drawable:26.1.0] AndroidManifest.xml:20:5-44
MERGED from [com.android.support:support-vector-drawable:26.1.0] AndroidManifest.xml:20:5-44
MERGED from [com.facebook.fbui.textlayoutbuilder:textlayoutbuilder:1.0.0] AndroidManifest.xml:14:5-16:41
MERGED from [com.facebook.fresco:fresco:1.3.0] AndroidManifest.xml:5:5-7:41
MERGED from [com.facebook.fresco:drawee:1.3.0] AndroidManifest.xml:5:5-7:41
MERGED from [com.facebook.fresco:imagepipeline-okhttp3:1.3.0] AndroidManifest.xml:5:5-7:41
MERGED from [com.facebook.fresco:imagepipeline:1.3.0] AndroidManifest.xml:5:5-7:41
MERGED from [com.facebook.fresco:imagepipeline-base:1.3.0] AndroidManifest.xml:5:5-7:41
MERGED from [com.facebook.fresco:fbcore:1.3.0] AndroidManifest.xml:5:5-7:41
MERGED from [com.facebook.soloader:soloader:0.1.0] AndroidManifest.xml:2:3-70
MERGED from [RemindMeThere:react-native-maps:unspecified] AndroidManifest.xml:5:5-7:41
MERGED from [com.google.android.gms:play-services-maps:11.8.0] AndroidManifest.xml:20:5-44
MERGED from [com.google.android.gms:play-services-maps-license:11.8.0] AndroidManifest.xml:4:5-43
MERGED from [com.google.android.gms:play-services-gcm:11.8.0] AndroidManifest.xml:20:5-44
MERGED from [com.google.android.gms:play-services-iid:11.8.0] AndroidManifest.xml:20:5-44
MERGED from [com.google.android.gms:play-services-iid-license:11.8.0] AndroidManifest.xml:4:5-43
MERGED from [com.google.android.gms:play-services-gcm-license:11.8.0] AndroidManifest.xml:4:5-43
MERGED from [com.google.android.gms:play-services-location:11.8.0] AndroidManifest.xml:5:5-44
MERGED from [com.google.android.gms:play-services-base:11.8.0] AndroidManifest.xml:20:5-44
MERGED from [com.google.android.gms:play-services-base-license:11.8.0] AndroidManifest.xml:4:5-43
MERGED from [com.google.android.gms:play-services-tasks:11.8.0] AndroidManifest.xml:5:5-44
MERGED from [com.google.android.gms:play-services-basement:11.8.0] AndroidManifest.xml:20:5-44
MERGED from [com.android.support:support-v4:26.1.0] AndroidManifest.xml:21:5-23:54
MERGED from [com.android.support:support-media-compat:26.1.0] AndroidManifest.xml:21:5-23:63
MERGED from [com.android.support:support-fragment:26.1.0] AndroidManifest.xml:21:5-23:60
MERGED from [com.android.support:support-core-ui:26.1.0] AndroidManifest.xml:21:5-23:58
MERGED from [com.android.support:support-core-utils:26.1.0] AndroidManifest.xml:21:5-23:61
MERGED from [com.android.support:support-compat:26.1.0] AndroidManifest.xml:21:5-23:58
MERGED from [android.arch.lifecycle:runtime:1.0.0] AndroidManifest.xml:20:5-22:41
MERGED from [com.google.android.gms:play-services-basement-license:11.8.0] AndroidManifest.xml:4:5-43
MERGED from [com.google.android.gms:play-services-tasks-license:11.8.0] AndroidManifest.xml:4:5-43
MERGED from [com.google.android.gms:play-services-location-license:11.8.0] AndroidManifest.xml:4:5-43
	tools:overrideLibrary
		ADDED from [com.android.support:appcompat-v7:26.1.0] AndroidManifest.xml:23:9-75
	android:targetSdkVersion
		ADDED from src/main/AndroidManifest.xml:28:9-38
		INJECTED from src/main/AndroidManifest.xml
		INJECTED from src/main/AndroidManifest.xml
	android:minSdkVersion
		ADDED from src/main/AndroidManifest.xml:27:9-35
		INJECTED from src/main/AndroidManifest.xml
		INJECTED from src/main/AndroidManifest.xml
application
ADDED from src/main/AndroidManifest.xml:30:5-79:19
MERGED from [RemindMeThere:react-native-background-geolocation:unspecified] AndroidManifest.xml:11:5-34:19
MERGED from [com.intentfilter:android-permissions:0.1.5] AndroidManifest.xml:11:5-19:19
MERGED from [RemindMeThere:react-native-background-fetch:unspecified] AndroidManifest.xml:11:5-24:19
MERGED from [:tslocationmanager:] AndroidManifest.xml:25:5-54:19
MERGED from [:tsbackgroundfetch:] AndroidManifest.xml:14:5-28:19
MERGED from [com.facebook.react:react-native:0.52.2] AndroidManifest.xml:13:5-20
MERGED from [com.android.support:appcompat-v7:26.1.0] AndroidManifest.xml:25:5-29:19
MERGED from [com.android.support:animated-vector-drawable:26.1.0] AndroidManifest.xml:22:5-26:19
MERGED from [com.android.support:support-vector-drawable:26.1.0] AndroidManifest.xml:22:5-26:19
MERGED from [com.facebook.soloader:soloader:0.1.0] AndroidManifest.xml:3:3-17
MERGED from [org.webkit:android-jsc:r174650] AndroidManifest.xml:2:3-17
MERGED from [com.google.android.gms:play-services-maps:11.8.0] AndroidManifest.xml:30:5-20
MERGED from [com.google.android.gms:play-services-maps-license:11.8.0] AndroidManifest.xml:5:5-20
MERGED from [com.google.android.gms:play-services-gcm:11.8.0] AndroidManifest.xml:26:5-20
MERGED from [com.google.android.gms:play-services-iid:11.8.0] AndroidManifest.xml:26:5-20
MERGED from [com.google.android.gms:play-services-iid-license:11.8.0] AndroidManifest.xml:5:5-20
MERGED from [com.google.android.gms:play-services-gcm-license:11.8.0] AndroidManifest.xml:5:5-20
MERGED from [com.google.android.gms:play-services-location:11.8.0] AndroidManifest.xml:7:5-20
MERGED from [com.google.android.gms:play-services-base:11.8.0] AndroidManifest.xml:22:5-27:19
MERGED from [com.google.android.gms:play-services-base-license:11.8.0] AndroidManifest.xml:5:5-20
MERGED from [com.google.android.gms:play-services-tasks:11.8.0] AndroidManifest.xml:7:5-20
MERGED from [com.google.android.gms:play-services-basement:11.8.0] AndroidManifest.xml:22:5-26:19
MERGED from [com.android.support:support-v4:26.1.0] AndroidManifest.xml:25:5-29:19
MERGED from [com.android.support:support-media-compat:26.1.0] AndroidManifest.xml:25:5-29:19
MERGED from [com.android.support:support-fragment:26.1.0] AndroidManifest.xml:25:5-29:19
MERGED from [com.android.support:support-core-ui:26.1.0] AndroidManifest.xml:25:5-29:19
MERGED from [com.android.support:support-core-utils:26.1.0] AndroidManifest.xml:25:5-29:19
MERGED from [com.android.support:support-compat:26.1.0] AndroidManifest.xml:25:5-29:19
MERGED from [android.arch.lifecycle:runtime:1.0.0] AndroidManifest.xml:24:5-28:19
MERGED from [com.google.android.gms:play-services-basement-license:11.8.0] AndroidManifest.xml:5:5-20
MERGED from [com.google.android.gms:play-services-tasks-license:11.8.0] AndroidManifest.xml:5:5-20
MERGED from [com.google.android.gms:play-services-location-license:11.8.0] AndroidManifest.xml:5:5-20
	android:label
		ADDED from src/main/AndroidManifest.xml:33:7-39
	android:supportsRtl
		ADDED from [RemindMeThere:react-native-background-geolocation:unspecified] AndroidManifest.xml:13:9-35
	android:allowBackup
		ADDED from src/main/AndroidManifest.xml:32:7-33
	android:icon
		ADDED from src/main/AndroidManifest.xml:34:7-41
	android:theme
		ADDED from src/main/AndroidManifest.xml:35:7-38
	android:name
		ADDED from src/main/AndroidManifest.xml:31:7-38
activity#remind.me.there.MainActivity
ADDED from src/main/AndroidManifest.xml:36:7-45:18
	android:label
		ADDED from src/main/AndroidManifest.xml:38:9-41
	android:windowSoftInputMode
		ADDED from src/main/AndroidManifest.xml:40:9-51
	android:configChanges
		ADDED from src/main/AndroidManifest.xml:39:9-79
	android:name
		ADDED from src/main/AndroidManifest.xml:37:9-37
intent-filter#android.intent.action.MAIN+android.intent.category.LAUNCHER
ADDED from src/main/AndroidManifest.xml:41:9-44:25
action#android.intent.action.MAIN
ADDED from src/main/AndroidManifest.xml:42:13-65
	android:name
		ADDED from src/main/AndroidManifest.xml:42:21-62
category#android.intent.category.LAUNCHER
ADDED from src/main/AndroidManifest.xml:43:13-73
	android:name
		ADDED from src/main/AndroidManifest.xml:43:23-70
activity#com.facebook.react.devsupport.DevSettingsActivity
ADDED from src/main/AndroidManifest.xml:48:7-84
	android:name
		ADDED from src/main/AndroidManifest.xml:48:17-81
meta-data#com.google.android.geo.API_KEY
ADDED from src/main/AndroidManifest.xml:51:7-121
	android:value
		ADDED from src/main/AndroidManifest.xml:51:64-119
	android:name
		ADDED from src/main/AndroidManifest.xml:51:18-63
meta-data#com.transistorsoft.locationmanager.license
ADDED from src/main/AndroidManifest.xml:53:7-159
	android:value
		ADDED from src/main/AndroidManifest.xml:53:76-156
	android:name
		ADDED from src/main/AndroidManifest.xml:53:18-75
receiver#com.google.android.gms.gcm.GcmReceiver
ADDED from src/main/AndroidManifest.xml:55:1-63:20
	android:exported
		ADDED from src/main/AndroidManifest.xml:57:13-36
	android:permission
		ADDED from src/main/AndroidManifest.xml:58:13-73
	android:name
		ADDED from src/main/AndroidManifest.xml:56:13-66
intent-filter#com.google.android.c2dm.intent.RECEIVE+remind.me.there
ADDED from src/main/AndroidManifest.xml:59:13-62:29
action#com.google.android.c2dm.intent.RECEIVE
ADDED from src/main/AndroidManifest.xml:60:17-81
	android:name
		ADDED from src/main/AndroidManifest.xml:60:25-78
category#remind.me.there
ADDED from src/main/AndroidManifest.xml:61:17-60
	android:name
		ADDED from src/main/AndroidManifest.xml:61:27-57
receiver#com.dieam.reactnativepushnotification.modules.RNPushNotificationPublisher
ADDED from src/main/AndroidManifest.xml:65:9-110
	android:name
		ADDED from src/main/AndroidManifest.xml:65:19-107
receiver#com.dieam.reactnativepushnotification.modules.RNPushNotificationBootEventReceiver
ADDED from src/main/AndroidManifest.xml:66:9-70:20
	android:name
		ADDED from src/main/AndroidManifest.xml:66:19-115
intent-filter#android.intent.action.BOOT_COMPLETED
ADDED from src/main/AndroidManifest.xml:67:13-69:29
action#android.intent.action.BOOT_COMPLETED
ADDED from src/main/AndroidManifest.xml:68:17-79
	android:name
		ADDED from src/main/AndroidManifest.xml:68:25-76
service#com.dieam.reactnativepushnotification.modules.RNPushNotificationRegistrationService
ADDED from src/main/AndroidManifest.xml:71:9-118
	android:name
		ADDED from src/main/AndroidManifest.xml:71:18-116
service#com.dieam.reactnativepushnotification.modules.RNPushNotificationListenerService
ADDED from src/main/AndroidManifest.xml:72:9-78:19
	android:exported
		ADDED from src/main/AndroidManifest.xml:74:13-37
	android:name
		ADDED from src/main/AndroidManifest.xml:73:13-107
intent-filter#com.google.android.c2dm.intent.RECEIVE
ADDED from src/main/AndroidManifest.xml:75:13-77:29
uses-permission#com.sec.android.provider.badge.permission.READ
ADDED from [me.leolin:ShortcutBadger:1.1.8] AndroidManifest.xml:19:5-86
	android:name
		ADDED from [me.leolin:ShortcutBadger:1.1.8] AndroidManifest.xml:19:22-83
uses-permission#com.sec.android.provider.badge.permission.WRITE
ADDED from [me.leolin:ShortcutBadger:1.1.8] AndroidManifest.xml:20:5-87
	android:name
		ADDED from [me.leolin:ShortcutBadger:1.1.8] AndroidManifest.xml:20:22-84
uses-permission#com.htc.launcher.permission.READ_SETTINGS
ADDED from [me.leolin:ShortcutBadger:1.1.8] AndroidManifest.xml:23:5-81
	android:name
		ADDED from [me.leolin:ShortcutBadger:1.1.8] AndroidManifest.xml:23:22-78
uses-permission#com.htc.launcher.permission.UPDATE_SHORTCUT
ADDED from [me.leolin:ShortcutBadger:1.1.8] AndroidManifest.xml:24:5-83
	android:name
		ADDED from [me.leolin:ShortcutBadger:1.1.8] AndroidManifest.xml:24:22-80
uses-permission#com.sonyericsson.home.permission.BROADCAST_BADGE
ADDED from [me.leolin:ShortcutBadger:1.1.8] AndroidManifest.xml:27:5-88
	android:name
		ADDED from [me.leolin:ShortcutBadger:1.1.8] AndroidManifest.xml:27:22-85
uses-permission#com.sonymobile.home.permission.PROVIDER_INSERT_BADGE
ADDED from [me.leolin:ShortcutBadger:1.1.8] AndroidManifest.xml:28:5-92
	android:name
		ADDED from [me.leolin:ShortcutBadger:1.1.8] AndroidManifest.xml:28:22-89
uses-permission#com.anddoes.launcher.permission.UPDATE_COUNT
ADDED from [me.leolin:ShortcutBadger:1.1.8] AndroidManifest.xml:31:5-84
	android:name
		ADDED from [me.leolin:ShortcutBadger:1.1.8] AndroidManifest.xml:31:22-81
uses-permission#com.majeur.launcher.permission.UPDATE_BADGE
ADDED from [me.leolin:ShortcutBadger:1.1.8] AndroidManifest.xml:34:5-83
	android:name
		ADDED from [me.leolin:ShortcutBadger:1.1.8] AndroidManifest.xml:34:22-80
uses-permission#com.huawei.android.launcher.permission.CHANGE_BADGE
ADDED from [me.leolin:ShortcutBadger:1.1.8] AndroidManifest.xml:37:5-91
	android:name
		ADDED from [me.leolin:ShortcutBadger:1.1.8] AndroidManifest.xml:37:22-88
uses-permission#com.huawei.android.launcher.permission.READ_SETTINGS
ADDED from [me.leolin:ShortcutBadger:1.1.8] AndroidManifest.xml:38:5-92
	android:name
		ADDED from [me.leolin:ShortcutBadger:1.1.8] AndroidManifest.xml:38:22-89
uses-permission#com.huawei.android.launcher.permission.WRITE_SETTINGS
ADDED from [me.leolin:ShortcutBadger:1.1.8] AndroidManifest.xml:39:5-93
	android:name
		ADDED from [me.leolin:ShortcutBadger:1.1.8] AndroidManifest.xml:39:22-90
service#com.transistorsoft.rnbackgroundgeolocation.HeadlessJobService
ADDED from [RemindMeThere:react-native-background-geolocation:unspecified] AndroidManifest.xml:14:9-17:72
	android:exported
		ADDED from [RemindMeThere:react-native-background-geolocation:unspecified] AndroidManifest.xml:16:13-36
	android:permission
		ADDED from [RemindMeThere:react-native-background-geolocation:unspecified] AndroidManifest.xml:17:13-69
	android:name
		ADDED from [RemindMeThere:react-native-background-geolocation:unspecified] AndroidManifest.xml:15:13-89
receiver#com.transistorsoft.rnbackgroundgeolocation.HeadlessBroadcastReceiver
ADDED from [RemindMeThere:react-native-background-geolocation:unspecified] AndroidManifest.xml:19:9-33:20
	android:name
		ADDED from [RemindMeThere:react-native-background-geolocation:unspecified] AndroidManifest.xml:19:19-102
intent-filter#${applicationId}.tslocationmanager.event.ACTIVITYCHANGE+${applicationId}.tslocationmanager.event.BOOT+${applicationId}.tslocationmanager.event.GEOFENCE+${applicationId}.tslocationmanager.event.HEARTBEAT+${applicationId}.tslocationmanager.event.HTTP+${applicationId}.tslocationmanager.event.LOCATION+${applicationId}.tslocationmanager.event.MOTIONCHANGE+${applicationId}.tslocationmanager.event.POWERSAVECHANGE+${applicationId}.tslocationmanager.event.PROVIDERCHANGE+${applicationId}.tslocationmanager.event.SCHEDULE+${applicationId}.tslocationmanager.event.TERMINATE
ADDED from [RemindMeThere:react-native-background-geolocation:unspecified] AndroidManifest.xml:20:13-32:29
action#${applicationId}.tslocationmanager.event.LOCATION
ADDED from [RemindMeThere:react-native-background-geolocation:unspecified] AndroidManifest.xml:21:17-92
	android:name
		ADDED from [RemindMeThere:react-native-background-geolocation:unspecified] AndroidManifest.xml:21:25-89
action#${applicationId}.tslocationmanager.event.MOTIONCHANGE
ADDED from [RemindMeThere:react-native-background-geolocation:unspecified] AndroidManifest.xml:22:17-96
	android:name
		ADDED from [RemindMeThere:react-native-background-geolocation:unspecified] AndroidManifest.xml:22:25-93
action#${applicationId}.tslocationmanager.event.ACTIVITYCHANGE
ADDED from [RemindMeThere:react-native-background-geolocation:unspecified] AndroidManifest.xml:23:17-98
	android:name
		ADDED from [RemindMeThere:react-native-background-geolocation:unspecified] AndroidManifest.xml:23:25-95
action#${applicationId}.tslocationmanager.event.PROVIDERCHANGE
ADDED from [RemindMeThere:react-native-background-geolocation:unspecified] AndroidManifest.xml:24:17-98
	android:name
		ADDED from [RemindMeThere:react-native-background-geolocation:unspecified] AndroidManifest.xml:24:25-95
action#${applicationId}.tslocationmanager.event.POWERSAVECHANGE
ADDED from [RemindMeThere:react-native-background-geolocation:unspecified] AndroidManifest.xml:25:17-99
	android:name
		ADDED from [RemindMeThere:react-native-background-geolocation:unspecified] AndroidManifest.xml:25:25-96
action#${applicationId}.tslocationmanager.event.HEARTBEAT
ADDED from [RemindMeThere:react-native-background-geolocation:unspecified] AndroidManifest.xml:26:17-93
	android:name
		ADDED from [RemindMeThere:react-native-background-geolocation:unspecified] AndroidManifest.xml:26:25-90
action#${applicationId}.tslocationmanager.event.GEOFENCE
ADDED from [RemindMeThere:react-native-background-geolocation:unspecified] AndroidManifest.xml:27:17-92
	android:name
		ADDED from [RemindMeThere:react-native-background-geolocation:unspecified] AndroidManifest.xml:27:25-89
action#${applicationId}.tslocationmanager.event.HTTP
ADDED from [RemindMeThere:react-native-background-geolocation:unspecified] AndroidManifest.xml:28:17-88
	android:name
		ADDED from [RemindMeThere:react-native-background-geolocation:unspecified] AndroidManifest.xml:28:25-85
action#${applicationId}.tslocationmanager.event.SCHEDULE
ADDED from [RemindMeThere:react-native-background-geolocation:unspecified] AndroidManifest.xml:29:17-92
	android:name
		ADDED from [RemindMeThere:react-native-background-geolocation:unspecified] AndroidManifest.xml:29:25-89
action#${applicationId}.tslocationmanager.event.BOOT
ADDED from [RemindMeThere:react-native-background-geolocation:unspecified] AndroidManifest.xml:30:17-88
	android:name
		ADDED from [RemindMeThere:react-native-background-geolocation:unspecified] AndroidManifest.xml:30:25-85
action#${applicationId}.tslocationmanager.event.TERMINATE
ADDED from [RemindMeThere:react-native-background-geolocation:unspecified] AndroidManifest.xml:31:17-93
	android:name
		ADDED from [RemindMeThere:react-native-background-geolocation:unspecified] AndroidManifest.xml:31:25-90
activity#com.intentfilter.androidpermissions.PermissionsActivity
ADDED from [com.intentfilter:android-permissions:0.1.5] AndroidManifest.xml:15:9-18:59
	android:excludeFromRecents
		ADDED from [com.intentfilter:android-permissions:0.1.5] AndroidManifest.xml:17:13-46
	android:theme
		ADDED from [com.intentfilter:android-permissions:0.1.5] AndroidManifest.xml:18:13-56
	android:name
		ADDED from [com.intentfilter:android-permissions:0.1.5] AndroidManifest.xml:16:13-83
service#com.transistorsoft.rnbackgroundfetch.HeadlessJobService
ADDED from [RemindMeThere:react-native-background-fetch:unspecified] AndroidManifest.xml:14:9-17:72
	android:exported
		ADDED from [RemindMeThere:react-native-background-fetch:unspecified] AndroidManifest.xml:16:13-36
	android:permission
		ADDED from [RemindMeThere:react-native-background-fetch:unspecified] AndroidManifest.xml:17:13-69
	android:name
		ADDED from [RemindMeThere:react-native-background-fetch:unspecified] AndroidManifest.xml:15:13-83
receiver#com.transistorsoft.rnbackgroundfetch.HeadlessBroadcastReceiver
ADDED from [RemindMeThere:react-native-background-fetch:unspecified] AndroidManifest.xml:19:9-23:20
	android:name
		ADDED from [RemindMeThere:react-native-background-fetch:unspecified] AndroidManifest.xml:19:19-96
intent-filter#${applicationId}.event.BACKGROUND_FETCH
ADDED from [RemindMeThere:react-native-background-fetch:unspecified] AndroidManifest.xml:20:13-22:29
action#${applicationId}.event.BACKGROUND_FETCH
ADDED from [RemindMeThere:react-native-background-fetch:unspecified] AndroidManifest.xml:21:17-82
	android:name
		ADDED from [RemindMeThere:react-native-background-fetch:unspecified] AndroidManifest.xml:21:25-79
uses-permission#android.permission.ACCESS_NETWORK_STATE
ADDED from [:tslocationmanager:] AndroidManifest.xml:11:5-79
MERGED from [com.google.android.gms:play-services-maps:11.8.0] AndroidManifest.xml:23:5-79
	android:name
		ADDED from [:tslocationmanager:] AndroidManifest.xml:11:22-76
uses-permission#android.permission.ACCESS_COARSE_LOCATION
ADDED from [:tslocationmanager:] AndroidManifest.xml:12:5-81
MERGED from [RemindMeThere:react-native-maps:unspecified] AndroidManifest.xml:10:5-81
	android:name
		ADDED from [:tslocationmanager:] AndroidManifest.xml:12:22-78
uses-permission#android.permission.ACCESS_FINE_LOCATION
ADDED from [:tslocationmanager:] AndroidManifest.xml:13:5-79
	android:name
		ADDED from [:tslocationmanager:] AndroidManifest.xml:13:22-76
uses-permission#android.permission.ACCESS_LOCATION_EXTRA_COMMANDS
ADDED from [:tslocationmanager:] AndroidManifest.xml:14:5-89
	android:name
		ADDED from [:tslocationmanager:] AndroidManifest.xml:14:22-86
uses-permission#com.google.android.gms.permission.ACTIVITY_RECOGNITION
ADDED from [:tslocationmanager:] AndroidManifest.xml:17:5-94
	android:name
		ADDED from [:tslocationmanager:] AndroidManifest.xml:17:22-91
uses-permission#android.permission.GET_TASKS
ADDED from [:tslocationmanager:] AndroidManifest.xml:19:5-68
MERGED from [:tsbackgroundfetch:] AndroidManifest.xml:12:5-68
	android:name
		ADDED from [:tslocationmanager:] AndroidManifest.xml:19:22-65
uses-feature#android.hardware.location.gps
ADDED from [:tslocationmanager:] AndroidManifest.xml:21:5-23:36
	android:required
		ADDED from [:tslocationmanager:] AndroidManifest.xml:23:9-33
	android:name
		ADDED from [:tslocationmanager:] AndroidManifest.xml:22:9-53
service#com.transistorsoft.locationmanager.BackgroundGeolocationService
ADDED from [:tslocationmanager:] AndroidManifest.xml:26:9-99
	android:name
		ADDED from [:tslocationmanager:] AndroidManifest.xml:26:18-96
service#com.transistorsoft.locationmanager.LocationService
ADDED from [:tslocationmanager:] AndroidManifest.xml:27:9-86
	android:name
		ADDED from [:tslocationmanager:] AndroidManifest.xml:27:18-83
service#com.transistorsoft.locationmanager.ActivityRecognitionService
ADDED from [:tslocationmanager:] AndroidManifest.xml:28:9-97
	android:name
		ADDED from [:tslocationmanager:] AndroidManifest.xml:28:18-94
service#com.transistorsoft.locationmanager.geofence.GeofenceService
ADDED from [:tslocationmanager:] AndroidManifest.xml:29:9-95
	android:name
		ADDED from [:tslocationmanager:] AndroidManifest.xml:29:18-92
receiver#com.transistorsoft.locationmanager.scheduler.ScheduleAlarmReceiver
ADDED from [:tslocationmanager:] AndroidManifest.xml:31:9-103
	android:name
		ADDED from [:tslocationmanager:] AndroidManifest.xml:31:19-100
service#com.transistorsoft.locationmanager.scheduler.ScheduleJobService
ADDED from [:tslocationmanager:] AndroidManifest.xml:33:9-36:72
	android:exported
		ADDED from [:tslocationmanager:] AndroidManifest.xml:35:13-36
	android:permission
		ADDED from [:tslocationmanager:] AndroidManifest.xml:36:13-69
	android:name
		ADDED from [:tslocationmanager:] AndroidManifest.xml:34:13-91
receiver#com.transistorsoft.locationmanager.BootReceiver
ADDED from [:tslocationmanager:] AndroidManifest.xml:38:9-43:20
	android:name
		ADDED from [:tslocationmanager:] AndroidManifest.xml:38:19-81
intent-filter#android.intent.action.BOOT_COMPLETED+android.intent.action.MY_PACKAGE_REPLACED
ADDED from [:tslocationmanager:] AndroidManifest.xml:39:13-42:29
action#android.intent.action.MY_PACKAGE_REPLACED
ADDED from [:tslocationmanager:] AndroidManifest.xml:41:17-84
	android:name
		ADDED from [:tslocationmanager:] AndroidManifest.xml:41:25-81
provider#com.transistorsoft.locationmanager.util.LogFileProvider
ADDED from [:tslocationmanager:] AndroidManifest.xml:45:9-53:20
	android:authorities
		ADDED from [:tslocationmanager:] AndroidManifest.xml:47:13-82
	android:grantUriPermissions
		ADDED from [:tslocationmanager:] AndroidManifest.xml:49:13-47
	android:exported
		ADDED from [:tslocationmanager:] AndroidManifest.xml:48:13-37
	android:name
		ADDED from [:tslocationmanager:] AndroidManifest.xml:46:13-83
meta-data#android.support.FILE_PROVIDER_PATHS
ADDED from [:tslocationmanager:] AndroidManifest.xml:50:13-52:80
	android:resource
		ADDED from [:tslocationmanager:] AndroidManifest.xml:52:17-77
	android:name
		ADDED from [:tslocationmanager:] AndroidManifest.xml:51:17-67
receiver#com.transistorsoft.tsbackgroundfetch.FetchAlarmReceiver
ADDED from [:tsbackgroundfetch:] AndroidManifest.xml:15:9-92
	android:name
		ADDED from [:tsbackgroundfetch:] AndroidManifest.xml:15:19-89
service#com.transistorsoft.tsbackgroundfetch.FetchJobService
ADDED from [:tsbackgroundfetch:] AndroidManifest.xml:17:9-20:72
	android:exported
		ADDED from [:tsbackgroundfetch:] AndroidManifest.xml:19:13-36
	android:permission
		ADDED from [:tsbackgroundfetch:] AndroidManifest.xml:20:13-69
	android:name
		ADDED from [:tsbackgroundfetch:] AndroidManifest.xml:18:13-80
receiver#com.transistorsoft.tsbackgroundfetch.BootReceiver
ADDED from [:tsbackgroundfetch:] AndroidManifest.xml:22:9-27:20
	android:name
		ADDED from [:tsbackgroundfetch:] AndroidManifest.xml:22:19-83
meta-data#android.support.VERSION
ADDED from [com.android.support:appcompat-v7:26.1.0] AndroidManifest.xml:26:9-28:38
MERGED from [com.android.support:animated-vector-drawable:26.1.0] AndroidManifest.xml:23:9-25:38
MERGED from [com.android.support:support-vector-drawable:26.1.0] AndroidManifest.xml:23:9-25:38
MERGED from [com.android.support:support-v4:26.1.0] AndroidManifest.xml:26:9-28:38
MERGED from [com.android.support:support-media-compat:26.1.0] AndroidManifest.xml:26:9-28:38
MERGED from [com.android.support:support-fragment:26.1.0] AndroidManifest.xml:26:9-28:38
MERGED from [com.android.support:support-core-ui:26.1.0] AndroidManifest.xml:26:9-28:38
MERGED from [com.android.support:support-core-utils:26.1.0] AndroidManifest.xml:26:9-28:38
MERGED from [com.android.support:support-compat:26.1.0] AndroidManifest.xml:26:9-28:38
	android:value
		ADDED from [com.android.support:appcompat-v7:26.1.0] AndroidManifest.xml:28:13-35
	android:name
		ADDED from [com.android.support:appcompat-v7:26.1.0] AndroidManifest.xml:27:13-51
uses-permission#android.permission.WRITE_EXTERNAL_STORAGE
IMPLIED from src/main/AndroidManifest.xml:1:1-81:12 reason: org.webkit.android_jsc has a targetSdkVersion < 4
uses-permission#android.permission.READ_PHONE_STATE
IMPLIED from src/main/AndroidManifest.xml:1:1-81:12 reason: org.webkit.android_jsc has a targetSdkVersion < 4
uses-permission#android.permission.READ_EXTERNAL_STORAGE
IMPLIED from src/main/AndroidManifest.xml:1:1-81:12 reason: org.webkit.android_jsc requested WRITE_EXTERNAL_STORAGE
uses-feature#0x00020000
ADDED from [com.google.android.gms:play-services-maps:11.8.0] AndroidManifest.xml:26:5-28:35
	android:glEsVersion
		ADDED from [com.google.android.gms:play-services-maps:11.8.0] AndroidManifest.xml:27:9-41
	android:required
		ADDED from [com.google.android.gms:play-services-maps:11.8.0] AndroidManifest.xml:28:9-32
uses-permission#com.google.android.c2dm.permission.RECEIVE
ADDED from [com.google.android.gms:play-services-gcm:11.8.0] AndroidManifest.xml:23:5-82
MERGED from [com.google.android.gms:play-services-iid:11.8.0] AndroidManifest.xml:23:5-82
	android:name